now Mon Jun 11 2018 12:34:48 GMT+0530 (India Standard Time): GET /
now Mon Jun 11 2018 12:34:48 GMT+0530 (India Standard Time): GET /
now Mon Jun 11 2018 12:34:49 GMT+0530 (India Standard Time): GET /serviceworker.js
now Mon Jun 11 2018 12:35:49 GMT+0530 (India Standard Time): GET /serviceworker.js
now Mon Jun 11 2018 12:38:49 GMT+0530 (India Standard Time): GET /
now Mon Jun 11 2018 12:38:50 GMT+0530 (India Standard Time): GET /serviceworker.js
now Mon Jun 11 2018 12:39:10 GMT+0530 (India Standard Time): GET /
now Mon Jun 11 2018 12:39:11 GMT+0530 (India Standard Time): GET /serviceworker.js
now Mon Jun 11 2018 12:39:33 GMT+0530 (India Standard Time): GET /
now Mon Jun 11 2018 12:39:34 GMT+0530 (India Standard Time): GET /serviceworker.js
now Mon Jun 11 2018 12:40:20 GMT+0530 (India Standard Time): GET /serviceworker.js
now Mon Jun 11 2018 12:40:52 GMT+0530 (India Standard Time): GET /
now Mon Jun 11 2018 12:40:53 GMT+0530 (India Standard Time): GET /serviceworker.js
now Mon Jun 11 2018 12:41:01 GMT+0530 (India Standard Time): GET /home
now Mon Jun 11 2018 12:41:02 GMT+0530 (India Standard Time): GET /serviceworker.js
now Mon Jun 11 2018 12:41:04 GMT+0530 (India Standard Time): GET /about
now Mon Jun 11 2018 12:41:05 GMT+0530 (India Standard Time): GET /serviceworker.js
now Mon Jun 11 2018 12:41:06 GMT+0530 (India Standard Time): GET /about
now Mon Jun 11 2018 12:41:07 GMT+0530 (India Standard Time): GET /serviceworker.js
now Mon Jun 11 2018 12:41:17 GMT+0530 (India Standard Time): GET /about
now Mon Jun 11 2018 12:41:18 GMT+0530 (India Standard Time): GET /serviceworker.js
now Mon Jun 11 2018 12:41:28 GMT+0530 (India Standard Time): GET /about
now Mon Jun 11 2018 12:41:29 GMT+0530 (India Standard Time): GET /serviceworker.js
now Mon Jun 11 2018 12:41:39 GMT+0530 (India Standard Time): GET /
now Mon Jun 11 2018 12:41:40 GMT+0530 (India Standard Time): GET /
now Mon Jun 11 2018 12:41:41 GMT+0530 (India Standard Time): GET /serviceworker.js
now Mon Jun 11 2018 12:42:23 GMT+0530 (India Standard Time): GET /serviceworker.js
now Mon Jun 11 2018 12:43:37 GMT+0530 (India Standard Time): GET /
now Mon Jun 11 2018 12:43:38 GMT+0530 (India Standard Time): GET /serviceworker.js
now Mon Jun 11 2018 12:43:42 GMT+0530 (India Standard Time): GET /serviceworker.js
now Mon Jun 11 2018 12:44:38 GMT+0530 (India Standard Time): GET /serviceworker.js
now Mon Jun 11 2018 12:44:55 GMT+0530 (India Standard Time): GET /help.html
now Mon Jun 11 2018 12:44:56 GMT+0530 (India Standard Time): GET /serviceworker.js
now Mon Jun 11 2018 12:45:19 GMT+0530 (India Standard Time): GET /help.html
now Mon Jun 11 2018 12:45:20 GMT+0530 (India Standard Time): GET /serviceworker.js
now Mon Jun 11 2018 12:45:23 GMT+0530 (India Standard Time): GET /
now Mon Jun 11 2018 12:45:23 GMT+0530 (India Standard Time): GET /
now Mon Jun 11 2018 12:45:25 GMT+0530 (India Standard Time): GET /serviceworker.js
now Mon Jun 11 2018 12:45:56 GMT+0530 (India Standard Time): GET /serviceworker.js
